{
  "RSpec": {
    "coverage": {
      "/mnt/c/Users/James/Documents/Avion/SSS/SambayananSowShare/SambayananSowShare/spec/controllers/admin/users_controller_spec.rb": {
        "lines": [
          1,
          null,
          null,
          1,
          0,
          0,
          null,
          null,
          1,
          1,
          6,
          1,
          4,
          null,
          1,
          5,
          null,
          null,
          null,
          5,
          null,
          null,
          1,
          1,
          1,
          1,
          1,
          1,
          null,
          null,
          1,
          1,
          1,
          1,
          null,
          null,
          null,
          1,
          1,
          1,
          1,
          null,
          null,
          null,
          1,
          1,
          1,
          1,
          null,
          null,
          null,
          1,
          1,
          1,
          1,
          null,
          null,
          null
        ]
      },
      "/mnt/c/Users/James/Documents/Avion/SSS/SambayananSowShare/SambayananSowShare/spec/rails_helper.rb": {
        "lines": [
          null,
          1,
          1,
          1,
          null,
          1,
          1,
          null,
          null,
          1,
          1,
          1,
          1,
          null,
          null,
          1,
          null,
          null,
          null,
          null,
          null,
          null,
          null,
          null,
          null,
          null,
          null,
          null,
          null,
          2,
          null,
          null,
          null,
          null,
          1,
          null,
          0,
          0,
          null,
          null,
          null,
          1,
          null,
          1,
          null,
          null,
          null,
          null,
          1,
          null,
          null,
          null,
          null,
          null,
          null,
          null,
          null,
          null,
          null,
          null,
          null,
          null,
          null,
          null,
          null,
          null,
          1,
          null,
          null,
          1,
          null,
          null,
          null
        ]
      },
      "/mnt/c/Users/James/Documents/Avion/SSS/SambayananSowShare/SambayananSowShare/config/environment.rb": {
        "lines": [
          null,
          1,
          null,
          null,
          1,
          null,
          1,
          null,
          null,
          null,
          null,
          null,
          null,
          null,
          null
        ]
      },
      "/mnt/c/Users/James/Documents/Avion/SSS/SambayananSowShare/SambayananSowShare/config/application.rb": {
        "lines": [
          1,
          null,
          1,
          null,
          null,
          null,
          1,
          null,
          1,
          1,
          null,
          1,
          null,
          1,
          1,
          null,
          null,
          null,
          null,
          null,
          null,
          null,
          null,
          null,
          null,
          null,
          1,
          null,
          1,
          null,
          null,
          null,
          null
        ]
      },
      "/mnt/c/Users/James/Documents/Avion/SSS/SambayananSowShare/SambayananSowShare/config/boot.rb": {
        "lines": [
          1,
          null,
          1,
          1
        ]
      },
      "/mnt/c/Users/James/Documents/Avion/SSS/SambayananSowShare/SambayananSowShare/config/environments/test.rb": {
        "lines": [
          1,
          null,
          null,
          null,
          null,
          null,
          null,
          1,
          null,
          null,
          null,
          1,
          null,
          null,
          null,
          null,
          1,
          null,
          null,
          1,
          1,
          null,
          null,
          null,
          null,
          1,
          1,
          1,
          null,
          1,
          null,
          null,
          1,
          null,
          null,
          1,
          null,
          null,
          1,
          null,
          1,
          null,
          null,
          null,
          null,
          1,
          null,
          null,
          1,
          null,
          null,
          1,
          null,
          null,
          1,
          null,
          null,
          null,
          null,
          null,
          null,
          null
        ]
      },
      "/mnt/c/Users/James/Documents/Avion/SSS/SambayananSowShare/SambayananSowShare/config/initializers/cors.rb": {
        "lines": [
          null,
          null,
          null,
          null,
          null,
          null,
          null,
          1,
          1,
          1,
          null,
          1,
          null,
          null,
          null,
          null,
          null,
          null,
          null
        ]
      },
      "/mnt/c/Users/James/Documents/Avion/SSS/SambayananSowShare/SambayananSowShare/config/initializers/devise.rb": {
        "lines": [
          null,
          null,
          null,
          null,
          null,
          null,
          null,
          null,
          null,
          null,
          null,
          1,
          1,
          null,
          null,
          null,
          null,
          null,
          null,
          null,
          null,
          null,
          null,
          null,
          null,
          null,
          null,
          null,
          1,
          1,
          null,
          null,
          null,
          null,
          null,
          null,
          null,
          null,
          null,
          null,
          null,
          null,
          null,
          null,
          1,
          null,
          null,
          null,
          null,
          null,
          null,
          null,
          null,
          null,
          null,
          null,
          null,
          null,
          null,
          null,
          null,
          null,
          null,
          null,
          null,
          null,
          null,
          1,
          null,
          null,
          null,
          null,
          1,
          null,
          null,
          null,
          null,
          null,
          null,
          null,
          null,
          null,
          null,
          null,
          null,
          null,
          null,
          null,
          null,
          null,
          null,
          null,
          null,
          null,
          null,
          null,
          null,
          null,
          null,
          null,
          null,
          null,
          null,
          null,
          null,
          null,
          1,
          null,
          null,
          null,
          null,
          null,
          null,
          null,
          null,
          null,
          null,
          null,
          null,
          null,
          null,
          null,
          null,
          null,
          null,
          null,
          null,
          null,
          null,
          null,
          null,
          null,
          1,
          null,
          null,
          null,
          null,
          null,
          null,
          null,
          null,
          null,
          null,
          null,
          null,
          null,
          null,
          null,
          null,
          null,
          null,
          null,
          null,
          null,
          null,
          null,
          null,
          null,
          null,
          null,
          null,
          null,
          null,
          null,
          null,
          null,
          1,
          null,
          null,
          null,
          null,
          null,
          null,
          null,
          null,
          null,
          1,
          null,
          null,
          null,
          null,
          null,
          null,
          null,
          null,
          null,
          null,
          1,
          null,
          null,
          null,
          null,
          1,
          null,
          null,
          null,
          null,
          null,
          null,
          null,
          null,
          null,
          null,
          null,
          null,
          null,
          null,
          null,
          null,
          null,
          null,
          null,
          null,
          null,
          null,
          null,
          null,
          null,
          null,
          null,
          null,
          null,
          null,
          null,
          null,
          null,
          null,
          null,
          null,
          null,
          null,
          null,
          null,
          1,
          null,
          null,
          null,
          null,
          null,
          null,
          null,
          null,
          null,
          null,
          null,
          null,
          null,
          null,
          null,
          null,
          null,
          null,
          null,
          null,
          null,
          null,
          null,
          null,
          null,
          null,
          null,
          null,
          null,
          null,
          null,
          null,
          null,
          null,
          null,
          null,
          null,
          null,
          1,
          null,
          null,
          null,
          1,
          1,
          1,
          null,
          null,
          1,
          null,
          null,
          1,
          null,
          null,
          null,
          1,
          null,
          null,
          null,
          null,
          null,
          null,
          null,
          null,
          null,
          null,
          null,
          null,
          null,
          null,
          null,
          null,
          null,
          null,
          null,
          null,
          null,
          null,
          null,
          null,
          null,
          null,
          null,
          null,
          null,
          null,
          null,
          null,
          null,
          null,
          null,
          1,
          1,
          null,
          null,
          null,
          null,
          null,
          null,
          null
        ]
      },
      "/mnt/c/Users/James/Documents/Avion/SSS/SambayananSowShare/SambayananSowShare/config/initializers/filter_parameter_logging.rb": {
        "lines": [
          null,
          null,
          null,
          null,
          null,
          1,
          null,
          null
        ]
      },
      "/mnt/c/Users/James/Documents/Avion/SSS/SambayananSowShare/SambayananSowShare/config/initializers/inflections.rb": {
        "lines": [
          null,
          null,
          null,
          null,
          null,
          null,
          null,
          null,
          null,
          null,
          null,
          null,
          null,
          null,
          null,
          null
        ]
      },
      "/mnt/c/Users/James/Documents/Avion/SSS/SambayananSowShare/SambayananSowShare/spec/factories/admin.rb": {
        "lines": [
          null,
          null,
          1,
          1,
          11,
          11,
          null,
          null,
          1,
          null,
          null,
          null,
          null,
          null
        ]
      },
      "/mnt/c/Users/James/Documents/Avion/SSS/SambayananSowShare/SambayananSowShare/spec/factories/crops.rb": {
        "lines": [
          1,
          1,
          33,
          10,
          33,
          33,
          10,
          1,
          null,
          null,
          null
        ]
      },
      "/mnt/c/Users/James/Documents/Avion/SSS/SambayananSowShare/SambayananSowShare/spec/factories/transaction_crops.rb": {
        "lines": [
          1,
          1,
          3,
          1,
          1,
          null,
          1,
          19,
          null,
          null,
          null
        ]
      },
      "/mnt/c/Users/James/Documents/Avion/SSS/SambayananSowShare/SambayananSowShare/spec/factories/transactions.rb": {
        "lines": [
          null,
          1,
          1,
          1,
          1,
          9,
          null,
          null
        ]
      },
      "/mnt/c/Users/James/Documents/Avion/SSS/SambayananSowShare/SambayananSowShare/spec/factories/users.rb": {
        "lines": [
          null,
          null,
          1,
          1,
          80,
          80,
          80,
          80,
          80,
          80,
          80,
          80,
          80,
          80,
          80,
          11,
          null,
          1,
          2,
          null,
          null,
          1,
          2,
          null,
          null,
          1,
          1,
          null,
          null,
          1,
          1,
          0,
          null,
          null,
          null,
          null,
          null
        ]
      },
      "/mnt/c/Users/James/Documents/Avion/SSS/SambayananSowShare/SambayananSowShare/config/routes.rb": {
        "lines": [
          1,
          1,
          1,
          1,
          1,
          null,
          null,
          1,
          null,
          null,
          null,
          null,
          null,
          null,
          1,
          null,
          null,
          null,
          null,
          null,
          null,
          null,
          null,
          null,
          null,
          null,
          null,
          null,
          null,
          1,
          1,
          1,
          1,
          1,
          1,
          1,
          null,
          null,
          null,
          null,
          null,
          null,
          null,
          1,
          1,
          1,
          1,
          1,
          null,
          null,
          null,
          null,
          1,
          1,
          1,
          null,
          null,
          null,
          1,
          1,
          1,
          1,
          null,
          null,
          null,
          1,
          null,
          1,
          null,
          null,
          null,
          null
        ]
      },
      "/mnt/c/Users/James/Documents/Avion/SSS/SambayananSowShare/SambayananSowShare/app/models/user.rb": {
        "lines": [
          1,
          null,
          null,
          1,
          1,
          1,
          1,
          1,
          null,
          null,
          null,
          1,
          1,
          1,
          null,
          1,
          1,
          1,
          1,
          null,
          1,
          null,
          null,
          null,
          null,
          null,
          null,
          null,
          null,
          null,
          null,
          null,
          null,
          null,
          null,
          null,
          null,
          null,
          null,
          null,
          null,
          null,
          null,
          null,
          null,
          null,
          null,
          null,
          null,
          null,
          null,
          null,
          null,
          null,
          null,
          1,
          1,
          1,
          1,
          1,
          1,
          1,
          1,
          1,
          1,
          null,
          null,
          1,
          0,
          0,
          0,
          0,
          0,
          null,
          0,
          null,
          null,
          null,
          null,
          1,
          null,
          null,
          1,
          651,
          632,
          null,
          null,
          1,
          1,
          null,
          null,
          1,
          4,
          null,
          null,
          null,
          null,
          null,
          null,
          null,
          null,
          1,
          1,
          null,
          null,
          null,
          null,
          null,
          1,
          0,
          0,
          0,
          null,
          null,
          1,
          42,
          null,
          0,
          0,
          null,
          null,
          0,
          0,
          0,
          null,
          null,
          null,
          1,
          0,
          0,
          null,
          null,
          null,
          null
        ]
      },
      "/mnt/c/Users/James/Documents/Avion/SSS/SambayananSowShare/SambayananSowShare/app/models/application_record.rb": {
        "lines": [
          1,
          1,
          null
        ]
      },
      "/mnt/c/Users/James/Documents/Avion/SSS/SambayananSowShare/SambayananSowShare/app/models/jwt_denylist.rb": {
        "lines": [
          1,
          1,
          null,
          1,
          null,
          null
        ]
      },
      "/mnt/c/Users/James/Documents/Avion/SSS/SambayananSowShare/SambayananSowShare/app/models/admin.rb": {
        "lines": [
          1,
          null,
          null,
          1,
          null,
          null,
          null,
          1,
          null,
          null,
          null,
          null,
          null,
          null,
          null,
          null,
          null,
          null,
          null,
          null,
          null
        ]
      },
      "/mnt/c/Users/James/Documents/Avion/SSS/SambayananSowShare/SambayananSowShare/spec/support/factory_bot.rb": {
        "lines": [
          1,
          1,
          null
        ]
      },
      "/mnt/c/Users/James/Documents/Avion/SSS/SambayananSowShare/SambayananSowShare/app/controllers/admin/users_controller.rb": {
        "lines": [
          1,
          1,
          1,
          null,
          null,
          1,
          1,
          1,
          1,
          null,
          0,
          null,
          null,
          null,
          null,
          null,
          null,
          null,
          null,
          null,
          null,
          null,
          null,
          null,
          1,
          null,
          null,
          null,
          null,
          null,
          1,
          1,
          1,
          null,
          null,
          1,
          null,
          null,
          null,
          null,
          null,
          null,
          null,
          null,
          null,
          null,
          0,
          null,
          null,
          null,
          null,
          null,
          null,
          null,
          0,
          null,
          null,
          null,
          null,
          null,
          null,
          null,
          0,
          null,
          null,
          null,
          null,
          null,
          null,
          null,
          1,
          null,
          null,
          null,
          1,
          1,
          1,
          1,
          null,
          null,
          1,
          1,
          null,
          1,
          1,
          null,
          0,
          0,
          0,
          0,
          null,
          0,
          0,
          null,
          null,
          null,
          null,
          1,
          1,
          null,
          1,
          1,
          null,
          0,
          null,
          null,
          null,
          null,
          1,
          1,
          null,
          1,
          1,
          null,
          0,
          null,
          null,
          null,
          1,
          null,
          1,
          3,
          null,
          null,
          null,
          null,
          null,
          null,
          null,
          null
        ]
      },
      "/mnt/c/Users/James/Documents/Avion/SSS/SambayananSowShare/SambayananSowShare/app/controllers/application_controller.rb": {
        "lines": [
          1,
          null,
          1,
          1,
          1,
          null,
          null,
          null,
          1,
          null,
          1,
          3,
          3,
          3,
          null,
          null,
          3,
          3,
          1,
          1,
          1,
          1,
          null,
          null,
          2,
          2,
          null,
          null,
          null,
          1,
          2,
          2,
          2,
          2,
          2,
          null,
          2,
          1,
          null,
          1,
          1,
          null,
          null,
          null,
          null,
          1,
          6,
          null,
          3,
          null,
          3,
          3,
          null,
          null,
          1,
          null,
          1,
          14,
          null,
          null,
          null,
          null,
          null
        ]
      },
      "/mnt/c/Users/James/Documents/Avion/SSS/SambayananSowShare/SambayananSowShare/spec/controllers/application_controller_spec.rb": {
        "lines": [
          1,
          null,
          1,
          2,
          null,
          null,
          1,
          1,
          1,
          null,
          null,
          1,
          null,
          1,
          null,
          1,
          1,
          1,
          null,
          null,
          null,
          3,
          3,
          null,
          1,
          1,
          1,
          1,
          1,
          1,
          1,
          2,
          1,
          null,
          null,
          1,
          1,
          null,
          null,
          null,
          1,
          1,
          1,
          1,
          1,
          1,
          2,
          1,
          null,
          null,
          1,
          null,
          1,
          1,
          null,
          null,
          null,
          null,
          null,
          null,
          1,
          1,
          1,
          1,
          1,
          null,
          null,
          null,
          2,
          2,
          null,
          1,
          1,
          1,
          1,
          2,
          1,
          1,
          null,
          null,
          1,
          1,
          null,
          null,
          null,
          null,
          1,
          1,
          1,
          1,
          2,
          1,
          null,
          null,
          1,
          1,
          null,
          null,
          null,
          1,
          1,
          1,
          1,
          2,
          1,
          null,
          null,
          1,
          1,
          null,
          null,
          null,
          null,
          null,
          1,
          1,
          null,
          1,
          3,
          null,
          null,
          null,
          1,
          2,
          3,
          1,
          null,
          1,
          2,
          null,
          1,
          1,
          1,
          null,
          null,
          null,
          1,
          2,
          null,
          1,
          1,
          1,
          null,
          null,
          null,
          1,
          2,
          null,
          1,
          1,
          1,
          null,
          null,
          null,
          null,
          null,
          null
        ]
      },
      "/mnt/c/Users/James/Documents/Avion/SSS/SambayananSowShare/SambayananSowShare/spec/controllers/kyc_controller_spec.rb": {
        "lines": [
          1,
          null,
          1,
          1,
          null,
          1,
          6,
          6,
          null,
          null,
          7,
          7,
          1,
          null,
          6,
          null,
          null,
          1,
          1,
          null,
          null,
          null,
          null,
          1,
          1,
          null,
          1,
          1,
          1,
          1,
          1,
          null,
          null,
          1,
          1,
          1,
          1,
          null,
          null,
          null,
          null,
          1,
          1,
          null,
          null,
          null,
          null,
          1,
          1,
          null,
          1,
          1,
          1,
          1,
          1,
          null,
          null,
          1,
          1,
          1,
          1,
          null,
          null,
          null,
          null
        ]
      },
      "/mnt/c/Users/James/Documents/Avion/SSS/SambayananSowShare/SambayananSowShare/app/controllers/kyc_controller.rb": {
        "lines": [
          1,
          1,
          null,
          1,
          null,
          null,
          null,
          1,
          2,
          2,
          null,
          2,
          2,
          null,
          0,
          null,
          null,
          2,
          1,
          1,
          1,
          null,
          1,
          1,
          null,
          null,
          null,
          1,
          null,
          null,
          null,
          1,
          2,
          1,
          1,
          1,
          1,
          null,
          1,
          1,
          null,
          null,
          null,
          null,
          1,
          null,
          1,
          4,
          null,
          null,
          null,
          null,
          null
        ]
      },
      "/mnt/c/Users/James/Documents/Avion/SSS/SambayananSowShare/SambayananSowShare/spec/controllers/users/crops_controller_spec.rb": {
        "lines": [
          1,
          null,
          1,
          1,
          null,
          1,
          13,
          13,
          null,
          null,
          14,
          12,
          6,
          6,
          4,
          null,
          1,
          null,
          13,
          null,
          null,
          1,
          1,
          1,
          1,
          1,
          null,
          null,
          null,
          1,
          2,
          null,
          1,
          1,
          1,
          null,
          null,
          null,
          null,
          1,
          1,
          1,
          1,
          null,
          null,
          null,
          1,
          1,
          1,
          1,
          1,
          1,
          null,
          null,
          null,
          1,
          1,
          1,
          null,
          null,
          null,
          1,
          1,
          1,
          1,
          null,
          null,
          null,
          1,
          1,
          1,
          null,
          null,
          null,
          null,
          1,
          2,
          null,
          1,
          1,
          1,
          null,
          null,
          null,
          null,
          1,
          1,
          2,
          null,
          1,
          1,
          1,
          1,
          null,
          null,
          1,
          1,
          1,
          null,
          null,
          null,
          1,
          1,
          1,
          1,
          null,
          null,
          null,
          null,
          1,
          1,
          1,
          1,
          1,
          null,
          null,
          null,
          1,
          1,
          1,
          null,
          null,
          null
        ]
      },
      "/mnt/c/Users/James/Documents/Avion/SSS/SambayananSowShare/SambayananSowShare/app/controllers/users/crops_controller.rb": {
        "lines": [
          1,
          1,
          1,
          1,
          1,
          null,
          1,
          1,
          1,
          1,
          null,
          null,
          1,
          1,
          1,
          null,
          null,
          null,
          1,
          0,
          0,
          0,
          null,
          null,
          1,
          4,
          4,
          4,
          2,
          null,
          2,
          null,
          null,
          null,
          1,
          3,
          3,
          2,
          null,
          1,
          null,
          null,
          null,
          1,
          2,
          2,
          2,
          null,
          null,
          1,
          1,
          11,
          11,
          11,
          11,
          0,
          null,
          null,
          null,
          1,
          6,
          null,
          null,
          1,
          7,
          null,
          null,
          1,
          13,
          2,
          null,
          null,
          null,
          null,
          null,
          null
        ]
      },
      "/mnt/c/Users/James/Documents/Avion/SSS/SambayananSowShare/SambayananSowShare/spec/controllers/users/registrations_controller_spec.rb": {
        "lines": [
          1,
          null,
          1,
          1,
          null,
          1,
          2,
          null,
          null,
          1,
          1,
          null,
          1,
          null,
          null,
          null,
          1,
          null,
          1,
          null,
          null,
          null,
          1,
          null,
          2,
          null,
          null,
          null,
          null,
          null,
          null,
          1,
          1,
          1,
          1,
          1,
          null,
          null,
          null,
          1,
          1,
          1,
          1,
          1,
          1,
          null,
          null,
          null,
          null,
          null
        ]
      },
      "/mnt/c/Users/James/Documents/Avion/SSS/SambayananSowShare/SambayananSowShare/app/controllers/users/registrations_controller.rb": {
        "lines": [
          null,
          null,
          1,
          1,
          null,
          1,
          null,
          null,
          1,
          null,
          null,
          null,
          null,
          null,
          null,
          1,
          null,
          2,
          2,
          2,
          2,
          1,
          null,
          1,
          null,
          1,
          null,
          null,
          null,
          null,
          null,
          null,
          null,
          null,
          null,
          null,
          null,
          null,
          1,
          1,
          1,
          1,
          null,
          null,
          1,
          1,
          1,
          null,
          1,
          1,
          1,
          null,
          0,
          null,
          null,
          1,
          null,
          1,
          null,
          null,
          null,
          null,
          null,
          null,
          null,
          null,
          null,
          null,
          null,
          null,
          null,
          null,
          null,
          null,
          null,
          null,
          null,
          null,
          null,
          null,
          null,
          null,
          null,
          null,
          null,
          null,
          null,
          null,
          null,
          null,
          null,
          null,
          null,
          null,
          null,
          null,
          null,
          null,
          null,
          null,
          null,
          null,
          null,
          null,
          null,
          null,
          null,
          null
        ]
      },
      "/mnt/c/Users/James/Documents/Avion/SSS/SambayananSowShare/SambayananSowShare/spec/controllers/users/sessions_controller_spec.rb": {
        "lines": [
          1,
          null,
          1,
          1,
          null,
          1,
          5,
          null,
          null,
          1,
          3,
          null,
          1,
          1,
          1,
          1,
          null,
          null,
          null,
          1,
          1,
          1,
          1,
          null,
          null,
          null,
          null,
          null,
          null,
          null,
          null,
          null,
          null,
          null,
          null,
          null,
          null,
          null,
          null,
          null,
          null,
          null,
          null,
          1,
          4,
          4,
          null,
          1,
          null,
          3,
          null,
          null,
          1,
          1,
          null,
          1,
          null,
          1,
          1,
          1,
          null,
          null,
          null,
          1,
          1,
          null,
          1,
          null,
          1,
          1,
          null,
          null,
          1,
          1,
          null,
          1,
          null,
          1,
          null,
          null,
          null,
          null
        ]
      },
      "/mnt/c/Users/James/Documents/Avion/SSS/SambayananSowShare/SambayananSowShare/app/controllers/users/sessions_controller.rb": {
        "lines": [
          null,
          null,
          1,
          1,
          null,
          null,
          null,
          1,
          null,
          null,
          1,
          1,
          null,
          null,
          1,
          2,
          2,
          null,
          2,
          0,
          0,
          0,
          0,
          null,
          2,
          null,
          2,
          2,
          null,
          null,
          2,
          null,
          1,
          1,
          null,
          1,
          null,
          1,
          null,
          null,
          null,
          0,
          null,
          null,
          null,
          null,
          null,
          null,
          null,
          1,
          0,
          null,
          null,
          1,
          0,
          null,
          null,
          null,
          null,
          null,
          null,
          null,
          null,
          null,
          null,
          null,
          null,
          null,
          null,
          null,
          null,
          null,
          null,
          null,
          null,
          null,
          null,
          null,
          null,
          null,
          null,
          null,
          null,
          null,
          null,
          null,
          null,
          null,
          null,
          null,
          null,
          null,
          null,
          null,
          null,
          null,
          null,
          null,
          1,
          3,
          3,
          null,
          null,
          3,
          0,
          0,
          null,
          null,
          3,
          null,
          null,
          3,
          3,
          null,
          null,
          3,
          null,
          null,
          null,
          1,
          null,
          null,
          1,
          3,
          3,
          null,
          0,
          0,
          null,
          null,
          null
        ]
      },
      "/mnt/c/Users/James/Documents/Avion/SSS/SambayananSowShare/SambayananSowShare/spec/controllers/users/transaction_crops_controller_spec.rb": {
        "lines": [
          1,
          null,
          1,
          1,
          null,
          1,
          7,
          7,
          null,
          null,
          8,
          8,
          8,
          null,
          8,
          1,
          1,
          7,
          null,
          null,
          1,
          1,
          1,
          1,
          1,
          1,
          1,
          null,
          null,
          null,
          null,
          1,
          null,
          null,
          null,
          1,
          1,
          null,
          1,
          1,
          null,
          1,
          null,
          null,
          null,
          null,
          1,
          null,
          null,
          null,
          1,
          1,
          null,
          1,
          1,
          1,
          null,
          null,
          null,
          null,
          1,
          1,
          null,
          null,
          null,
          1,
          1,
          1,
          null,
          1,
          1,
          null,
          null,
          null,
          null,
          null,
          null,
          1,
          1,
          null,
          null,
          null,
          1,
          1,
          1,
          null,
          1,
          null,
          null,
          null,
          null,
          null,
          1,
          1,
          null,
          null,
          null,
          null,
          1,
          2,
          null,
          1,
          1,
          null,
          1,
          null,
          null,
          null,
          null,
          null,
          1,
          1,
          null,
          null,
          null,
          1,
          2,
          null,
          1,
          1,
          1,
          1,
          null,
          null,
          null
        ]
      },
      "/mnt/c/Users/James/Documents/Avion/SSS/SambayananSowShare/SambayananSowShare/app/controllers/users/transaction_crops_controller.rb": {
        "lines": [
          1,
          1,
          null,
          1,
          1,
          1,
          1,
          null,
          1,
          0,
          null,
          null,
          null,
          null,
          0,
          null,
          null,
          null,
          1,
          5,
          5,
          5,
          5,
          5,
          null,
          null,
          5,
          5,
          5,
          1,
          1,
          null,
          null,
          4,
          1,
          1,
          1,
          1,
          null,
          null,
          3,
          3,
          null,
          3,
          null,
          1,
          null,
          null,
          1,
          null,
          null,
          null,
          null,
          null,
          1,
          1,
          null,
          1,
          null,
          2,
          2,
          null,
          2,
          null,
          2,
          2,
          null,
          2,
          2,
          null,
          0,
          0,
          null,
          null,
          null,
          null,
          null,
          null,
          null,
          null,
          null,
          null,
          null,
          null,
          null,
          null,
          null,
          null,
          null,
          null,
          null,
          null,
          null,
          null,
          null,
          null,
          null,
          null,
          null,
          null,
          1,
          null,
          1,
          1,
          1,
          null,
          null,
          1,
          null,
          null,
          1,
          null,
          null,
          1,
          1,
          1,
          null,
          0,
          0,
          null,
          null,
          0,
          0,
          null,
          0,
          0,
          0,
          null,
          null,
          null,
          1,
          null,
          1,
          1,
          null,
          1,
          1,
          1,
          null,
          0,
          0,
          null,
          0,
          0,
          0,
          null,
          null,
          null,
          null,
          1,
          null,
          1,
          1,
          null,
          null,
          1,
          7,
          7,
          null,
          null,
          null
        ]
      },
      "/mnt/c/Users/James/Documents/Avion/SSS/SambayananSowShare/SambayananSowShare/app/controllers/concerns/user_actions.rb": {
        "lines": [
          1,
          1,
          null,
          null,
          1,
          null,
          1,
          22,
          22,
          22,
          22,
          0,
          null,
          null,
          null,
          1,
          25,
          3,
          null,
          null,
          null,
          null
        ]
      },
      "/mnt/c/Users/James/Documents/Avion/SSS/SambayananSowShare/SambayananSowShare/spec/controllers/users/transactions_controller_spec.rb": {
        "lines": [
          null,
          1,
          null,
          1,
          1,
          null,
          1,
          18,
          18,
          null,
          null,
          19,
          14,
          5,
          null,
          1,
          null,
          18,
          null,
          null,
          1,
          1,
          1,
          1,
          1,
          null,
          null,
          null,
          null,
          1,
          1,
          1,
          1,
          null,
          null,
          null,
          null,
          1,
          1,
          1,
          1,
          null,
          null,
          null,
          null,
          1,
          1,
          4,
          null,
          1,
          1,
          1,
          null,
          null,
          1,
          1,
          1,
          1,
          null,
          null,
          1,
          1,
          1,
          null,
          null,
          null,
          1,
          2,
          null,
          1,
          1,
          1,
          null,
          null,
          null,
          1,
          1,
          1,
          1,
          1,
          null,
          null,
          null,
          null,
          null,
          null,
          1,
          9,
          9,
          9,
          9,
          9,
          null,
          null,
          1,
          3,
          null,
          1,
          null,
          1,
          1,
          1,
          1,
          1,
          null,
          null,
          1,
          1,
          1,
          1,
          1,
          1,
          1,
          null,
          null,
          1,
          null,
          1,
          null,
          null,
          null,
          1,
          3,
          null,
          1,
          1,
          1,
          1,
          null,
          null,
          1,
          1,
          1,
          1,
          null,
          null,
          null,
          1,
          1,
          1,
          1,
          1,
          1,
          null,
          null,
          1,
          1,
          1,
          null,
          null,
          null,
          1,
          1,
          1,
          1,
          null,
          null,
          null,
          1,
          1,
          1,
          null,
          null,
          1,
          1,
          1,
          null,
          null,
          null,
          1,
          2,
          null,
          1,
          1,
          1,
          1,
          null,
          null,
          null,
          null,
          1,
          1,
          1,
          1,
          null,
          null,
          null,
          null
        ]
      },
      "/mnt/c/Users/James/Documents/Avion/SSS/SambayananSowShare/SambayananSowShare/app/controllers/users/transactions_controller.rb": {
        "lines": [
          1,
          1,
          null,
          1,
          1,
          1,
          null,
          null,
          1,
          3,
          null,
          3,
          1,
          2,
          1,
          null,
          1,
          null,
          null,
          2,
          null,
          null,
          null,
          null,
          null,
          null,
          null,
          2,
          null,
          null,
          1,
          2,
          2,
          1,
          null,
          1,
          null,
          null,
          null,
          null,
          1,
          4,
          null,
          4,
          4,
          1,
          null,
          null,
          3,
          null,
          3,
          1,
          null,
          2,
          null,
          null,
          null,
          null,
          null,
          2,
          0,
          0,
          null,
          null,
          null,
          null,
          3,
          3,
          null,
          null,
          1,
          6,
          null,
          6,
          6,
          6,
          1,
          null,
          null,
          5,
          5,
          null,
          null,
          5,
          null,
          5,
          null,
          0,
          null,
          0,
          null,
          5,
          null,
          null,
          null,
          5,
          null,
          4,
          null,
          4,
          4,
          null,
          4,
          3,
          3,
          null,
          1,
          1,
          null,
          null,
          0,
          0,
          0,
          null,
          null,
          1,
          null,
          null,
          null,
          null
        ]
      },
      "/mnt/c/Users/James/Documents/Avion/SSS/SambayananSowShare/SambayananSowShare/spec/models/admin_spec.rb": {
        "lines": [
          1,
          null,
          1,
          4,
          null,
          1,
          1,
          1,
          null,
          null,
          1,
          1,
          1,
          null,
          null,
          1,
          1,
          1,
          null,
          null,
          null,
          1,
          1,
          1,
          null,
          null,
          1,
          1,
          null,
          null,
          1,
          1,
          null,
          null,
          1,
          1,
          null,
          null,
          1,
          1,
          null,
          null,
          1,
          1,
          null,
          null,
          null
        ]
      },
      "/mnt/c/Users/James/Documents/Avion/SSS/SambayananSowShare/SambayananSowShare/spec/models/crop_spec.rb": {
        "lines": [
          1,
          null,
          1,
          2,
          null,
          2,
          2,
          2,
          2,
          2,
          2,
          2,
          null
        ]
      },
      "/mnt/c/Users/James/Documents/Avion/SSS/SambayananSowShare/SambayananSowShare/app/models/crop.rb": {
        "lines": [
          1,
          1,
          1,
          1,
          null,
          1,
          1,
          1,
          1,
          1,
          null
        ]
      },
      "/mnt/c/Users/James/Documents/Avion/SSS/SambayananSowShare/SambayananSowShare/spec/models/jwt_denylist_spec.rb": {
        "lines": [
          1,
          null,
          1,
          1,
          null
        ]
      },
      "/mnt/c/Users/James/Documents/Avion/SSS/SambayananSowShare/SambayananSowShare/spec/models/transaction_crop_spec.rb": {
        "lines": [
          1,
          null,
          1,
          1,
          2,
          2,
          null,
          null,
          1,
          2,
          2,
          2,
          null,
          null
        ]
      },
      "/mnt/c/Users/James/Documents/Avion/SSS/SambayananSowShare/SambayananSowShare/app/models/transaction_crop.rb": {
        "lines": [
          1,
          1,
          1,
          null,
          1,
          1,
          1,
          null,
          null,
          null
        ]
      },
      "/mnt/c/Users/James/Documents/Avion/SSS/SambayananSowShare/SambayananSowShare/spec/models/transaction_spec.rb": {
        "lines": [
          1,
          null,
          1,
          1,
          2,
          2,
          2,
          2,
          null,
          null,
          1,
          2,
          2,
          2,
          2,
          2,
          null,
          null
        ]
      },
      "/mnt/c/Users/James/Documents/Avion/SSS/SambayananSowShare/SambayananSowShare/app/models/transaction.rb": {
        "lines": [
          1,
          1,
          1,
          1,
          1,
          null,
          1,
          null,
          null,
          1,
          null,
          null,
          1,
          null
        ]
      },
      "/mnt/c/Users/James/Documents/Avion/SSS/SambayananSowShare/SambayananSowShare/spec/models/user_spec.rb": {
        "lines": [
          1,
          null,
          1,
          1,
          2,
          2,
          2,
          2,
          null,
          null,
          1,
          null,
          2,
          2,
          2,
          2,
          2,
          2,
          2,
          2,
          null,
          null,
          null,
          null,
          null,
          null,
          null,
          null,
          null,
          null,
          null,
          null,
          null,
          null,
          null,
          null,
          null,
          null,
          null,
          1,
          null,
          1,
          2,
          null,
          1,
          1,
          null,
          null,
          null,
          1,
          2,
          null,
          1,
          1,
          null,
          null,
          null,
          1,
          2,
          null,
          1,
          1,
          null,
          null,
          null,
          null,
          null,
          null,
          null,
          null,
          null,
          null,
          null,
          null,
          null,
          null,
          null,
          null,
          null
        ]
      },
      "/mnt/c/Users/James/Documents/Avion/SSS/SambayananSowShare/SambayananSowShare/app/mailers/user_mailer.rb": {
        "lines": [
          1,
          1,
          null,
          1,
          1,
          1,
          1,
          null,
          null
        ]
      },
      "/mnt/c/Users/James/Documents/Avion/SSS/SambayananSowShare/SambayananSowShare/app/mailers/application_mailer.rb": {
        "lines": [
          1,
          1,
          1,
          null
        ]
      }
    },
    "timestamp": 1698057597
  }
}
